2021-11-11 10:04:05,326 INFO  [org.jboss.modules] (main) JBoss Modules version 1.10.1.Final
2021-11-11 10:04:05,915 INFO  [org.jboss.msc] (main) JBoss MSC version 1.4.11.Final
2021-11-11 10:04:05,925 INFO  [org.jboss.threads] (main) JBoss Threads version 2.3.3.Final
2021-11-11 10:04:06,071 INFO  [org.jboss.as] (MSC service thread 1-2) WFLYSRV0049: WildFly Full 20.0.1.Final (WildFly Core 12.0.3.Final) starting
2021-11-11 10:04:06,073 DEBUG [org.jboss.as.config] (MSC service thread 1-2) Configured system properties:
	awt.toolkit = sun.lwawt.macosx.LWCToolkit
	file.encoding = UTF-8
	file.encoding.pkg = sun.io
	file.separator = /
	ftp.nonProxyHosts = local|*.local|169.254/16|*.169.254/16
	gopherProxySet = false
	http.nonProxyHosts = local|*.local|169.254/16|*.169.254/16
	java.awt.graphicsenv = sun.awt.CGraphicsEnvironment
	java.awt.headless = true
	java.awt.printerjob = sun.lwawt.macosx.CPrinterJob
	java.class.path = /Users/paulberinyuylukong/wildfly-20.0.1.Final/jboss-modules.jar
	java.class.version = 52.0
	java.endorsed.dirs = /Library/Java/JavaVirtualMachines/jdk1.8.0_301.jdk/Contents/Home/jre/lib/endorsed
	java.ext.dirs = /Users/paulberinyuylukong/Library/Java/Extensions:/Library/Java/JavaVirtualMachines/jdk1.8.0_301.jdk/Contents/Home/jre/lib/ext:/Library/Java/Extensions:/Network/Library/Java/Extensions:/System/Library/Java/Extensions:/usr/lib/java
	java.home = /Library/Java/JavaVirtualMachines/jdk1.8.0_301.jdk/Contents/Home/jre
	java.io.tmpdir = /var/folders/ly/kvt4qb0x6ndd4f9bl7r3wdlw0000gn/T/
	java.library.path = /Users/paulberinyuylukong/Library/Java/Extensions:/Library/Java/Extensions:/Network/Library/Java/Extensions:/System/Library/Java/Extensions:/usr/lib/java:.
	java.net.preferIPv4Stack = true
	java.runtime.name = Java(TM) SE Runtime Environment
	java.runtime.version = 1.8.0_301-b09
	java.specification.name = Java Platform API Specification
	java.specification.vendor = Oracle Corporation
	java.specification.version = 1.8
	java.util.logging.manager = org.jboss.logmanager.LogManager
	java.vendor = Oracle Corporation
	java.vendor.url = http://java.oracle.com/
	java.vendor.url.bug = http://bugreport.sun.com/bugreport/
	java.version = 1.8.0_301
	java.vm.info = mixed mode
	java.vm.name = Java HotSpot(TM) 64-Bit Server VM
	java.vm.specification.name = Java Virtual Machine Specification
	java.vm.specification.vendor = Oracle Corporation
	java.vm.specification.version = 1.8
	java.vm.vendor = Oracle Corporation
	java.vm.version = 25.301-b09
	javax.management.builder.initial = org.jboss.as.jmx.PluggableMBeanServerBuilder
	jboss.bind.address = localhost
	jboss.bind.address.management = localhost
	jboss.home.dir = /Users/paulberinyuylukong/wildfly-20.0.1.Final
	jboss.host.name = 31-208-220-115
	jboss.modules.dir = /Users/paulberinyuylukong/wildfly-20.0.1.Final/modules
	jboss.modules.system.pkgs = org.jboss.byteman
	jboss.node.name = 31-208-220-115
	jboss.qualified.host.name = 31-208-220-115.cust.bredband2.com
	jboss.server.base.dir = /Users/paulberinyuylukong/wildfly-20.0.1.Final/standalone
	jboss.server.config.dir = /Users/paulberinyuylukong/wildfly-20.0.1.Final/standalone/configuration
	jboss.server.data.dir = /Users/paulberinyuylukong/wildfly-20.0.1.Final/standalone/data
	jboss.server.deploy.dir = /Users/paulberinyuylukong/wildfly-20.0.1.Final/standalone/data/content
	jboss.server.log.dir = /Users/paulberinyuylukong/wildfly-20.0.1.Final/standalone/log
	jboss.server.name = 31-208-220-115
	jboss.server.persist.config = true
	jboss.server.temp.dir = /Users/paulberinyuylukong/wildfly-20.0.1.Final/standalone/tmp
	line.separator = 

	logging.configuration = file:/Users/paulberinyuylukong/wildfly-20.0.1.Final/standalone/configuration/logging.properties
	module.path = /Users/paulberinyuylukong/wildfly-20.0.1.Final/modules
	org.jboss.boot.log.file = /Users/paulberinyuylukong/wildfly-20.0.1.Final/standalone/log/boot.log
	org.jboss.logmanager.nocolor = true
	org.jboss.resolver.warning = true
	os.arch = x86_64
	os.name = Mac OS X
	os.version = 10.16
	path.separator = :
	program.name = JBossTools: WildFly 20
	socksNonProxyHosts = local|*.local|169.254/16|*.169.254/16
	sun.arch.data.model = 64
	sun.boot.class.path = /Library/Java/JavaVirtualMachines/jdk1.8.0_301.jdk/Contents/Home/jre/lib/resources.jar:/Library/Java/JavaVirtualMachines/jdk1.8.0_301.jdk/Contents/Home/jre/lib/rt.jar:/Library/Java/JavaVirtualMachines/jdk1.8.0_301.jdk/Contents/Home/jre/lib/sunrsasign.jar:/Library/Java/JavaVirtualMachines/jdk1.8.0_301.jdk/Contents/Home/jre/lib/jsse.jar:/Library/Java/JavaVirtualMachines/jdk1.8.0_301.jdk/Contents/Home/jre/lib/jce.jar:/Library/Java/JavaVirtualMachines/jdk1.8.0_301.jdk/Contents/Home/jre/lib/charsets.jar:/Library/Java/JavaVirtualMachines/jdk1.8.0_301.jdk/Contents/Home/jre/lib/jfr.jar:/Library/Java/JavaVirtualMachines/jdk1.8.0_301.jdk/Contents/Home/jre/classes
	sun.boot.library.path = /Library/Java/JavaVirtualMachines/jdk1.8.0_301.jdk/Contents/Home/jre/lib
	sun.cpu.endian = little
	sun.cpu.isalist = 
	sun.io.unicode.encoding = UnicodeBig
	sun.java.command = org.jboss.modules.Main -mp /Users/paulberinyuylukong/wildfly-20.0.1.Final/modules org.jboss.as.standalone -b localhost --server-config=standalone.xml -Djboss.server.base.dir=/Users/paulberinyuylukong/wildfly-20.0.1.Final/standalone
	sun.java.launcher = SUN_STANDARD
	sun.jnu.encoding = UTF-8
	sun.management.compiler = HotSpot 64-Bit Tiered Compilers
	sun.os.patch.level = unknown
	sun.rmi.dgc.client.gcInterval = 3600000
	sun.rmi.dgc.server.gcInterval = 3600000
	user.country = SE
	user.dir = /Users/paulberinyuylukong/wildfly-20.0.1.Final/bin
	user.home = /Users/paulberinyuylukong
	user.language = en
	user.name = paulberinyuylukong
	user.timezone = Europe/Stockholm
2021-11-11 10:04:06,073 DEBUG [org.jboss.as.config] (MSC service thread 1-2) VM Arguments: -Dprogram.name=JBossTools: WildFly 20 -Xms64m -Xmx512m -Dorg.jboss.resolver.warning=true -Djava.net.preferIPv4Stack=true -Dsun.rmi.dgc.client.gcInterval=3600000 -Dsun.rmi.dgc.server.gcInterval=3600000 -Djboss.modules.system.pkgs=org.jboss.byteman -Djava.awt.headless=true -Dorg.jboss.boot.log.file=/Users/paulberinyuylukong/wildfly-20.0.1.Final/standalone/log/boot.log -Dlogging.configuration=file:/Users/paulberinyuylukong/wildfly-20.0.1.Final/standalone/configuration/logging.properties -Djboss.home.dir=/Users/paulberinyuylukong/wildfly-20.0.1.Final -Dorg.jboss.logmanager.nocolor=true -Djboss.bind.address.management=localhost -Dfile.encoding=UTF-8 
2021-11-11 10:04:06,934 INFO  [org.wildfly.security] (ServerService Thread Pool -- 24) ELY00001: WildFly Elytron version 1.12.1.Final
2021-11-11 10:04:07,529 INFO  [org.jboss.as.controller.management-deprecated] (Controller Boot Thread) WFLYCTL0028: Attribute 'security-realm' in the resource at address '/core-service=management/management-interface=http-interface' is deprecated, and may be removed in a future version. See the attribute description in the output of the read-resource-description operation to learn more about the deprecation.
2021-11-11 10:04:07,560 INFO  [org.jboss.as.controller.management-deprecated] (ServerService Thread Pool -- 10) WFLYCTL0028: Attribute 'security-realm' in the resource at address '/subsystem=undertow/server=default-server/https-listener=https' is deprecated, and may be removed in a future version. See the attribute description in the output of the read-resource-description operation to learn more about the deprecation.
2021-11-11 10:04:07,664 INFO  [org.jboss.as.server.deployment.scanner] (DeploymentScanner-threads - 1) WFLYDS0015: Re-attempting failed deployment eshop-FE.war
2021-11-11 10:04:07,702 INFO  [org.jboss.as.server.deployment.scanner] (DeploymentScanner-threads - 1) WFLYDS0004: Found basic-webapp.war in deployment directory. To trigger deployment create a file called basic-webapp.war.dodeploy
2021-11-11 10:04:07,703 INFO  [org.jboss.as.server.deployment.scanner] (DeploymentScanner-threads - 1) WFLYDS0004: Found eshopWithwebApp.war in deployment directory. To trigger deployment create a file called eshopWithwebApp.war.dodeploy
2021-11-11 10:04:07,703 INFO  [org.jboss.as.server.deployment.scanner] (DeploymentScanner-threads - 1) WFLYDS0004: Found eshop-BE.war in deployment directory. To trigger deployment create a file called eshop-BE.war.dodeploy
2021-11-11 10:04:07,703 INFO  [org.jboss.as.server.deployment.scanner] (DeploymentScanner-threads - 1) WFLYDS0004: Found eshop-FE.war in deployment directory. To trigger deployment create a file called eshop-FE.war.dodeploy
2021-11-11 10:04:07,703 ERROR [org.jboss.as.server.deployment.scanner] (DeploymentScanner-threads - 1) WFLYDS0011: The deployment scanner found a directory named META-INF that was not inside a directory whose name ends with .ear, .jar, .rar, .sar or .war. This is likely the result of unzipping an archive directly inside the /Users/paulberinyuylukong/wildfly-20.0.1.Final/standalone/deployments directory, which is a user error. The META-INF directory will not be scanned for deployments, but it is possible that the scanner may find other files from the unzipped archive and attempt to deploy them, leading to errors.
2021-11-11 10:04:07,703 ERROR [org.jboss.as.server.deployment.scanner] (DeploymentScanner-threads - 1) WFLYDS0011: The deployment scanner found a directory named WEB-INF that was not inside a directory whose name ends with .ear, .jar, .rar, .sar or .war. This is likely the result of unzipping an archive directly inside the /Users/paulberinyuylukong/wildfly-20.0.1.Final/standalone/deployments directory, which is a user error. The WEB-INF directory will not be scanned for deployments, but it is possible that the scanner may find other files from the unzipped archive and attempt to deploy them, leading to errors.
2021-11-11 10:04:07,759 INFO  [org.jboss.as.server] (Controller Boot Thread) WFLYSRV0039: Creating http management service using socket-binding (management-http)
2021-11-11 10:04:07,782 INFO  [org.xnio] (MSC service thread 1-3) XNIO version 3.8.1.Final
2021-11-11 10:04:07,793 INFO  [org.xnio.nio] (MSC service thread 1-3) XNIO NIO Implementation Version 3.8.1.Final
2021-11-11 10:04:07,823 INFO  [org.jboss.as.clustering.infinispan] (ServerService Thread Pool -- 52) WFLYCLINF0001: Activating Infinispan subsystem.
2021-11-11 10:04:07,839 INFO  [org.wildfly.extension.microprofile.jwt.smallrye._private] (ServerService Thread Pool -- 63) WFLYJWT0001: Activating WildFly MicroProfile JWT Subsystem
2021-11-11 10:04:07,840 INFO  [org.wildfly.extension.microprofile.config.smallrye._private] (ServerService Thread Pool -- 61) WFLYCONF0001: Activating WildFly MicroProfile Config Subsystem
2021-11-11 10:04:07,845 INFO  [org.wildfly.extension.microprofile.health.smallrye] (ServerService Thread Pool -- 62) WFLYHEALTH0001: Activating Eclipse MicroProfile Health Subsystem
2021-11-11 10:04:07,849 WARN  [org.jboss.as.txn] (ServerService Thread Pool -- 74) WFLYTX0013: The node-identifier attribute on the /subsystem=transactions is set to the default value. This is a danger for environments running multiple servers. Please make sure the attribute value is unique.
2021-11-11 10:04:07,850 INFO  [org.wildfly.extension.io] (ServerService Thread Pool -- 53) WFLYIO001: Worker 'default' has auto-configured to 16 IO threads with 128 max task threads based on your 8 available processors
2021-11-11 10:04:07,851 INFO  [org.jboss.as.jaxrs] (ServerService Thread Pool -- 54) WFLYRS0016: RESTEasy version 3.12.1.Final
2021-11-11 10:04:07,852 INFO  [org.jboss.as.jsf] (ServerService Thread Pool -- 59) WFLYJSF0007: Activated the following JSF Implementations: [main]
2021-11-11 10:04:07,861 INFO  [org.jboss.as.security] (ServerService Thread Pool -- 72) WFLYSEC0002: Activating Security Subsystem
2021-11-11 10:04:07,862 INFO  [org.jboss.as.connector] (MSC service thread 1-6) WFLYJCA0009: Starting JCA Subsystem (WildFly/IronJacamar 1.4.22.Final)
2021-11-11 10:04:07,866 INFO  [org.wildfly.extension.microprofile.metrics.smallrye] (ServerService Thread Pool -- 64) WFLYMETRICS0001: Activating Eclipse MicroProfile Metrics Subsystem
2021-11-11 10:04:07,869 INFO  [org.jboss.as.security] (MSC service thread 1-6) WFLYSEC0001: Current PicketBox version=5.0.3.Final-redhat-00005
2021-11-11 10:04:07,870 INFO  [org.jboss.as.naming] (ServerService Thread Pool -- 66) WFLYNAM0001: Activating Naming Subsystem
2021-11-11 10:04:07,872 INFO  [org.jboss.as.webservices] (ServerService Thread Pool -- 76) WFLYWS0002: Activating WebServices Extension
2021-11-11 10:04:07,907 INFO  [org.wildfly.extension.microprofile.opentracing] (ServerService Thread Pool -- 65) WFLYTRACEXT0001: Activating MicroProfile OpenTracing Subsystem
2021-11-11 10:04:07,913 INFO  [org.jboss.as.connector.subsystems.datasources] (ServerService Thread Pool -- 44) WFLYJCA0004: Deploying JDBC-compliant driver class org.h2.Driver (version 1.4)
2021-11-11 10:04:07,917 INFO  [org.wildfly.extension.undertow] (MSC service thread 1-5) WFLYUT0003: Undertow 2.1.3.Final starting
2021-11-11 10:04:07,921 INFO  [org.jboss.as.connector.deployers.jdbc] (MSC service thread 1-5) WFLYJCA0018: Started Driver service with driver-name = h2
2021-11-11 10:04:07,945 INFO  [org.jboss.as.naming] (MSC service thread 1-6) WFLYNAM0003: Starting Naming Service
2021-11-11 10:04:07,950 INFO  [org.jboss.as.mail.extension] (MSC service thread 1-4) WFLYMAIL0001: Bound mail session [java:jboss/mail/Default]
2021-11-11 10:04:07,954 INFO  [org.jboss.remoting] (MSC service thread 1-1) JBoss Remoting version 5.0.18.Final
2021-11-11 10:04:08,008 INFO  [org.wildfly.extension.undertow] (ServerService Thread Pool -- 75) WFLYUT0014: Creating file handler for path '/Users/paulberinyuylukong/wildfly-20.0.1.Final/welcome-content' with options [directory-listing: 'false', follow-symlink: 'false', case-sensitive: 'true', safe-symlink-paths: '[]']
2021-11-11 10:04:08,022 INFO  [org.wildfly.extension.undertow] (MSC service thread 1-5) WFLYUT0012: Started server default-server.
2021-11-11 10:04:08,025 INFO  [org.wildfly.extension.undertow] (MSC service thread 1-5) WFLYUT0018: Host default-host starting
2021-11-11 10:04:08,032 INFO  [org.jboss.as.ejb3] (MSC service thread 1-7) WFLYEJB0481: Strict pool slsb-strict-max-pool is using a max instance size of 128 (per class), which is derived from thread worker pool sizing.
2021-11-11 10:04:08,033 INFO  [org.jboss.as.ejb3] (MSC service thread 1-3) WFLYEJB0482: Strict pool mdb-strict-max-pool is using a max instance size of 32 (per class), which is derived from the number of CPUs on this host.
2021-11-11 10:04:08,137 INFO  [org.wildfly.extension.undertow] (MSC service thread 1-4) WFLYUT0006: Undertow HTTP listener default listening on 127.0.0.1:8080
2021-11-11 10:04:08,467 INFO  [org.jboss.as.ejb3] (MSC service thread 1-6) WFLYEJB0493: EJB subsystem suspension complete
2021-11-11 10:04:08,530 INFO  [org.jboss.as.connector.subsystems.datasources] (MSC service thread 1-8) WFLYJCA0001: Bound data source [java:jboss/datasources/ExampleDS]
2021-11-11 10:04:08,667 INFO  [org.jboss.as.patching] (MSC service thread 1-8) WFLYPAT0050: WildFly Full cumulative patch ID is: base, one-off patches include: none
2021-11-11 10:04:08,685 WARN  [org.jboss.as.domain.management.security] (MSC service thread 1-1) WFLYDM0111: Keystore /Users/paulberinyuylukong/wildfly-20.0.1.Final/standalone/configuration/application.keystore not found, it will be auto generated on first use with a self signed certificate for host localhost
2021-11-11 10:04:08,693 INFO  [org.jboss.as.server.deployment.scanner] (MSC service thread 1-8) WFLYDS0013: Started FileSystemDeploymentService for directory /Users/paulberinyuylukong/wildfly-20.0.1.Final/standalone/deployments
2021-11-11 10:04:08,711 INFO  [org.jboss.as.server.deployment] (MSC service thread 1-4) WFLYSRV0027: Starting deployment of "basic-webapp.war" (runtime-name: "basic-webapp.war")
2021-11-11 10:04:08,712 INFO  [org.jboss.as.server.deployment] (MSC service thread 1-7) WFLYSRV0027: Starting deployment of "eshopWithwebApp.war" (runtime-name: "eshopWithwebApp.war")
2021-11-11 10:04:08,712 INFO  [org.jboss.as.server.deployment] (MSC service thread 1-5) WFLYSRV0027: Starting deployment of "pom.xml" (runtime-name: "pom.xml")
2021-11-11 10:04:08,713 INFO  [org.jboss.as.server.deployment] (MSC service thread 1-1) WFLYSRV0027: Starting deployment of "eshop-FE" (runtime-name: "eshop-FE")
2021-11-11 10:04:08,714 INFO  [org.jboss.as.server.deployment] (MSC service thread 1-3) WFLYSRV0027: Starting deployment of "eshop-BE.war" (runtime-name: "eshop-BE.war")
2021-11-11 10:04:08,714 INFO  [org.jboss.as.server.deployment] (MSC service thread 1-8) WFLYSRV0027: Starting deployment of "eshop-FE.war" (runtime-name: "eshop-FE.war")
2021-11-11 10:04:08,882 INFO  [org.wildfly.extension.undertow] (MSC service thread 1-3) WFLYUT0006: Undertow HTTPS listener https listening on 127.0.0.1:8443
2021-11-11 10:04:09,000 INFO  [org.jboss.ws.common.management] (MSC service thread 1-2) JBWS022052: Starting JBossWS 5.4.1.Final (Apache CXF 3.3.6) 
2021-11-11 10:04:10,470 INFO  [org.infinispan.PERSISTENCE] (MSC service thread 1-1) ISPN000556: Starting user marshaller 'org.wildfly.clustering.infinispan.marshalling.jboss.JBossMarshaller'
2021-11-11 10:04:10,505 INFO  [org.infinispan.CONTAINER] (MSC service thread 1-1) ISPN000128: Infinispan version: Infinispan 'Turia' 10.1.8.Final
2021-11-11 10:04:11,147 INFO  [org.jboss.as.clustering.infinispan] (ServerService Thread Pool -- 78) WFLYCLINF0002: Started client-mappings cache from ejb container
2021-11-11 10:04:11,372 INFO  [org.wildfly.extension.undertow] (ServerService Thread Pool -- 81) WFLYUT0021: Registered web context: '/eshop-BE' for server 'default-server'
2021-11-11 10:04:11,373 INFO  [org.wildfly.extension.undertow] (ServerService Thread Pool -- 84) WFLYUT0021: Registered web context: '/basic-webapp' for server 'default-server'
2021-11-11 10:04:11,937 INFO  [stdout] (ServerService Thread Pool -- 78) created application
2021-11-11 10:04:11,944 INFO  [org.jboss.resteasy.resteasy_jaxrs.i18n] (ServerService Thread Pool -- 78) RESTEASY002225: Deploying javax.ws.rs.core.Application: class com.eshop.rest.eshop.AppConfig
2021-11-11 10:04:11,946 INFO  [org.jboss.resteasy.resteasy_jaxrs.i18n] (ServerService Thread Pool -- 78) RESTEASY002200: Adding class resource com.eshop.rest.eshop.resource1 from Application class com.eshop.rest.eshop.AppConfig
2021-11-11 10:04:12,013 INFO  [org.hibernate.validator.internal.util.Version] (ServerService Thread Pool -- 78) HV000001: Hibernate Validator 6.0.20.Final
2021-11-11 10:04:12,089 INFO  [org.wildfly.extension.undertow] (ServerService Thread Pool -- 78) WFLYUT0021: Registered web context: '/eshopWithwebApp' for server 'default-server'
2021-11-11 10:04:12,467 WARN  [org.jboss.as.server.deployment] (MSC service thread 1-8) WFLYSRV0059: Class Path entry xml-apis.jar in /Users/paulberinyuylukong/wildfly-20.0.1.Final/standalone/deployments/eshop-FE.war/WEB-INF/lib/serializer-2.7.1.jar  does not point to a valid jar for a Class-Path reference.
2021-11-11 10:04:12,496 WARN  [org.jboss.as.server.deployment] (MSC service thread 1-8) WFLYSRV0059: Class Path entry xercesImpl.jar in /Users/paulberinyuylukong/wildfly-20.0.1.Final/standalone/deployments/eshop-FE.war/WEB-INF/lib/xalan-2.7.1.jar  does not point to a valid jar for a Class-Path reference.
2021-11-11 10:04:12,497 WARN  [org.jboss.as.server.deployment] (MSC service thread 1-8) WFLYSRV0059: Class Path entry xml-apis.jar in /Users/paulberinyuylukong/wildfly-20.0.1.Final/standalone/deployments/eshop-FE.war/WEB-INF/lib/xalan-2.7.1.jar  does not point to a valid jar for a Class-Path reference.
2021-11-11 10:04:12,497 WARN  [org.jboss.as.server.deployment] (MSC service thread 1-8) WFLYSRV0059: Class Path entry serializer.jar in /Users/paulberinyuylukong/wildfly-20.0.1.Final/standalone/deployments/eshop-FE.war/WEB-INF/lib/xalan-2.7.1.jar  does not point to a valid jar for a Class-Path reference.
2021-11-11 10:04:12,651 INFO  [org.jboss.as.pojo] (MSC service thread 1-3) WFLYPOJO0001: Found legacy bean/pojo namespace: urn:jboss:bean-deployer:2.0 - might be missing some xml features (potential exceptions).
2021-11-11 10:04:13,007 INFO  [org.jboss.weld.deployer] (MSC service thread 1-7) WFLYWELD0003: Processing weld deployment eshop-FE.war
2021-11-11 10:04:13,274 ERROR [org.jboss.msc.service.fail] (MSC service thread 1-7) MSC000001: Failed to start service jboss.deployment.unit."eshop-FE.war".POST_MODULE: org.jboss.msc.service.StartException in service jboss.deployment.unit."eshop-FE.war".POST_MODULE: WFLYSRV0153: Failed to process phase POST_MODULE of deployment "eshop-FE.war"
	at org.jboss.as.server.deployment.DeploymentUnitPhaseService.start(DeploymentUnitPhaseService.java:189)
	at org.jboss.msc.service.ServiceControllerImpl$StartTask.startService(ServiceControllerImpl.java:1739)
	at org.jboss.msc.service.ServiceControllerImpl$StartTask.execute(ServiceControllerImpl.java:1701)
	at org.jboss.msc.service.ServiceControllerImpl$ControllerTask.run(ServiceControllerImpl.java:1559)
	at org.jboss.threads.ContextClassLoaderSavingRunnable.run(ContextClassLoaderSavingRunnable.java:35)
	at org.jboss.threads.EnhancedQueueExecutor.safeRun(EnhancedQueueExecutor.java:1982)
	at org.jboss.threads.EnhancedQueueExecutor$ThreadBody.doRunTask(EnhancedQueueExecutor.java:1486)
	at org.jboss.threads.EnhancedQueueExecutor$ThreadBody.run(EnhancedQueueExecutor.java:1377)
	at java.lang.Thread.run(Thread.java:748)
Caused by: org.jboss.msc.service.DuplicateServiceException: Service jboss.naming.context.java.module.eshop-FE.eshop-FE is already registered
	at org.jboss.msc.service.ServiceRegistrationImpl.set(ServiceRegistrationImpl.java:135)
	at org.jboss.msc.service.ServiceControllerImpl.startInstallation(ServiceControllerImpl.java:243)
	at org.jboss.msc.service.ServiceContainerImpl.install(ServiceContainerImpl.java:747)
	at org.jboss.msc.service.ServiceTargetImpl.install(ServiceTargetImpl.java:260)
	at org.jboss.msc.service.ServiceControllerImpl$ChildServiceTarget.install(ServiceControllerImpl.java:2065)
	at org.jboss.msc.service.ServiceTargetImpl.install(ServiceTargetImpl.java:260)
	at org.jboss.msc.service.ServiceControllerImpl$ChildServiceTarget.install(ServiceControllerImpl.java:2065)
	at org.jboss.msc.service.ServiceBuilderImpl.install(ServiceBuilderImpl.java:192)
	at org.jboss.as.ee.naming.ModuleContextProcessor.deploy(ModuleContextProcessor.java:75)
	at org.jboss.as.server.deployment.DeploymentUnitPhaseService.start(DeploymentUnitPhaseService.java:182)
	... 8 more

2021-11-11 10:04:13,280 ERROR [org.jboss.as.controller.management-operation] (Controller Boot Thread) WFLYCTL0013: Operation ("deploy") failed - address: ([("deployment" => "eshop-FE.war")]) - failure description: {"WFLYCTL0080: Failed services" => {"jboss.deployment.unit.\"eshop-FE.war\".POST_MODULE" => "WFLYSRV0153: Failed to process phase POST_MODULE of deployment \"eshop-FE.war\"
    Caused by: org.jboss.msc.service.DuplicateServiceException: Service jboss.naming.context.java.module.eshop-FE.eshop-FE is already registered"}}
2021-11-11 10:04:13,363 INFO  [org.jboss.as.server] (ServerService Thread Pool -- 45) WFLYSRV0010: Deployed "eshop-BE.war" (runtime-name : "eshop-BE.war")
2021-11-11 10:04:13,364 INFO  [org.jboss.as.server] (ServerService Thread Pool -- 45) WFLYSRV0010: Deployed "eshop-FE" (runtime-name : "eshop-FE")
2021-11-11 10:04:13,364 INFO  [org.jboss.as.server] (ServerService Thread Pool -- 45) WFLYSRV0010: Deployed "pom.xml" (runtime-name : "pom.xml")
2021-11-11 10:04:13,364 INFO  [org.jboss.as.server] (ServerService Thread Pool -- 45) WFLYSRV0010: Deployed "eshop-FE.war" (runtime-name : "eshop-FE.war")
2021-11-11 10:04:13,364 INFO  [org.jboss.as.server] (ServerService Thread Pool -- 45) WFLYSRV0010: Deployed "basic-webapp.war" (runtime-name : "basic-webapp.war")
2021-11-11 10:04:13,365 INFO  [org.jboss.as.server] (ServerService Thread Pool -- 45) WFLYSRV0010: Deployed "eshopWithwebApp.war" (runtime-name : "eshopWithwebApp.war")
2021-11-11 10:04:13,374 INFO  [org.jboss.as.controller] (Controller Boot Thread) WFLYCTL0183: Service status report
WFLYCTL0186:   Services which failed to start:      service jboss.deployment.unit."eshop-FE.war".POST_MODULE: WFLYSRV0153: Failed to process phase POST_MODULE of deployment "eshop-FE.war"

2021-11-11 10:04:13,456 INFO  [org.jboss.as.server] (Controller Boot Thread) WFLYSRV0212: Resuming server
2021-11-11 10:04:13,458 ERROR [org.jboss.as] (Controller Boot Thread) WFLYSRV0026: WildFly Full 20.0.1.Final (WildFly Core 12.0.3.Final) started (with errors) in 8646ms - Started 655 of 889 services (1 services failed or missing dependencies, 393 services are lazy, passive or on-demand)
2021-11-11 10:04:13,461 INFO  [org.jboss.as] (Controller Boot Thread) WFLYSRV0060: Http management interface listening on http://127.0.0.1:9990/management
2021-11-11 10:04:13,461 INFO  [org.jboss.as] (Controller Boot Thread) WFLYSRV0051: Admin console listening on http://127.0.0.1:9990
2021-11-11 10:04:16,215 INFO  [org.wildfly.naming] (default task-1) WildFly Naming version 1.0.13.Final
2021-11-11 10:43:08,476 INFO  [org.jboss.as.server] (management-handler-thread - 3) WFLYSRV0272: Suspending server
2021-11-11 10:43:08,483 INFO  [org.jboss.as.ejb3] (management-handler-thread - 3) WFLYEJB0493: EJB subsystem suspension complete
2021-11-11 10:43:08,485 INFO  [org.jboss.as.server] (Management Triggered Shutdown) WFLYSRV0241: Shutting down in response to management operation 'shutdown'
2021-11-11 10:43:08,515 INFO  [org.jboss.as.mail.extension] (MSC service thread 1-5) WFLYMAIL0002: Unbound mail session [java:jboss/mail/Default]
2021-11-11 10:43:08,521 INFO  [org.wildfly.extension.undertow] (ServerService Thread Pool -- 91) WFLYUT0022: Unregistered web context: '/eshopWithwebApp' from server 'default-server'
2021-11-11 10:43:08,521 INFO  [org.wildfly.extension.undertow] (ServerService Thread Pool -- 89) WFLYUT0022: Unregistered web context: '/eshop-BE' from server 'default-server'
2021-11-11 10:43:08,521 INFO  [org.wildfly.extension.undertow] (ServerService Thread Pool -- 92) WFLYUT0022: Unregistered web context: '/basic-webapp' from server 'default-server'
2021-11-11 10:43:08,548 INFO  [org.jboss.as.connector.subsystems.datasources] (MSC service thread 1-3) WFLYJCA0010: Unbound data source [java:jboss/datasources/ExampleDS]
2021-11-11 10:43:08,550 INFO  [org.wildfly.extension.undertow] (MSC service thread 1-6) WFLYUT0019: Host default-host stopping
2021-11-11 10:43:08,553 INFO  [org.jboss.as.connector.deployers.jdbc] (MSC service thread 1-6) WFLYJCA0019: Stopped Driver service with driver-name = h2
2021-11-11 10:43:08,563 INFO  [org.jboss.as.clustering.infinispan] (ServerService Thread Pool -- 5) WFLYCLINF0003: Stopped client-mappings cache from ejb container
2021-11-11 10:43:08,568 INFO  [org.jboss.as.server.deployment] (MSC service thread 1-4) WFLYSRV0028: Stopped deployment eshop-FE (runtime-name: eshop-FE) in 74ms
2021-11-11 10:43:08,568 INFO  [org.infinispan.manager.DefaultCacheManager] (MSC service thread 1-3) Stopping cache manager null on null
2021-11-11 10:43:08,569 INFO  [org.jboss.as.server.deployment] (MSC service thread 1-8) WFLYSRV0028: Stopped deployment eshop-BE.war (runtime-name: eshop-BE.war) in 74ms
2021-11-11 10:43:08,569 INFO  [org.jboss.as.server.deployment] (MSC service thread 1-2) WFLYSRV0028: Stopped deployment basic-webapp.war (runtime-name: basic-webapp.war) in 76ms
2021-11-11 10:43:08,569 INFO  [org.jboss.as.server.deployment] (MSC service thread 1-1) WFLYSRV0028: Stopped deployment pom.xml (runtime-name: pom.xml) in 79ms
2021-11-11 10:43:08,570 INFO  [org.wildfly.extension.undertow] (MSC service thread 1-2) WFLYUT0008: Undertow HTTPS listener https suspending
2021-11-11 10:43:08,571 INFO  [org.wildfly.extension.undertow] (MSC service thread 1-2) WFLYUT0007: Undertow HTTPS listener https stopped, was bound to 127.0.0.1:8443
2021-11-11 10:43:08,570 INFO  [org.wildfly.extension.undertow] (MSC service thread 1-4) WFLYUT0008: Undertow HTTP listener default suspending
2021-11-11 10:43:08,572 INFO  [org.wildfly.extension.undertow] (MSC service thread 1-4) WFLYUT0007: Undertow HTTP listener default stopped, was bound to 127.0.0.1:8080
2021-11-11 10:43:08,572 INFO  [org.jboss.as.server.deployment] (MSC service thread 1-3) WFLYSRV0028: Stopped deployment eshopWithwebApp.war (runtime-name: eshopWithwebApp.war) in 79ms
2021-11-11 10:43:08,575 INFO  [org.wildfly.extension.undertow] (MSC service thread 1-4) WFLYUT0004: Undertow 2.1.3.Final stopping
2021-11-11 10:43:08,618 INFO  [org.jboss.as.server.deployment] (MSC service thread 1-7) WFLYSRV0028: Stopped deployment eshop-FE.war (runtime-name: eshop-FE.war) in 123ms
2021-11-11 10:43:08,622 INFO  [org.jboss.as] (MSC service thread 1-6) WFLYSRV0050: WildFly Full 20.0.1.Final (WildFly Core 12.0.3.Final) stopped in 131ms
